2024-05-27 12:11:24,679 INFO werkzeug [31m[1mWARNING: This is a development server. Do not use it in a production deployment. Use a production WSGI server instead.[0m
 * Running on http://127.0.0.1:5000
2024-05-27 12:11:24,679 INFO werkzeug [33mPress CTRL+C to quit[0m
2024-05-27 12:11:24,680 INFO werkzeug  * Restarting with stat
2024-05-27 12:11:25,157 WARNING werkzeug  * Debugger is active!
2024-05-27 12:11:25,163 INFO werkzeug  * Debugger PIN: 989-122-970
2024-05-27 12:11:49,016 INFO werkzeug [31m[1mWARNING: This is a development server. Do not use it in a production deployment. Use a production WSGI server instead.[0m
 * Running on http://127.0.0.1:5000
2024-05-27 12:11:49,017 INFO werkzeug [33mPress CTRL+C to quit[0m
2024-05-27 12:11:49,018 INFO werkzeug  * Restarting with stat
2024-05-27 12:11:49,449 WARNING werkzeug  * Debugger is active!
2024-05-27 12:11:49,451 INFO werkzeug  * Debugger PIN: 989-122-970
2024-05-27 12:12:29,818 INFO werkzeug [31m[1mWARNING: This is a development server. Do not use it in a production deployment. Use a production WSGI server instead.[0m
 * Running on http://127.0.0.1:5000
2024-05-27 12:12:29,818 INFO werkzeug [33mPress CTRL+C to quit[0m
2024-05-27 12:12:29,819 INFO werkzeug  * Restarting with stat
2024-05-27 12:12:30,280 WARNING werkzeug  * Debugger is active!
2024-05-27 12:12:30,283 INFO werkzeug  * Debugger PIN: 989-122-970
2024-05-27 12:15:37,468 INFO werkzeug [31m[1mWARNING: This is a development server. Do not use it in a production deployment. Use a production WSGI server instead.[0m
 * Running on http://127.0.0.1:5000
2024-05-27 12:15:37,468 INFO werkzeug [33mPress CTRL+C to quit[0m
2024-05-27 12:15:54,853 INFO werkzeug [31m[1mWARNING: This is a development server. Do not use it in a production deployment. Use a production WSGI server instead.[0m
 * Running on http://127.0.0.1:5000
2024-05-27 12:15:54,855 INFO werkzeug [33mPress CTRL+C to quit[0m
2024-05-27 12:15:54,856 INFO werkzeug  * Restarting with stat
2024-05-27 12:15:55,299 WARNING werkzeug  * Debugger is active!
2024-05-27 12:15:55,302 INFO werkzeug  * Debugger PIN: 989-122-970
